[fragment.com/username/hill.html]
[backblue.gif]
[fade.gif]
[index.html]
[fragment.com/css/font-robotoc4ca.css]
[fragment.com/css/bootstrap.mineccb.css]
[fragment.com/css/bootstrap-extrac81e.css]
[fragment.com/css/auctionf4b9.css]
[fragment.com/js/jquery.minc4ca.js]
[fragment.com/js/bootstrap.min.js]
[fragment.com/js/main-aj32bb.js]
[fragment.com/js/jquery-exb6d7.js]
[fragment.com/js/jquery-ui.minc4ca.js]
[fragment.com/js/qr-code-stylingc4ca.js]
[fragment.com/js/tonconnect-ui.min8f14.js]
[fragment.com/js/auctionac62.js]
[fragment.com/js/tgstickerc16a.js]
[fragment.com/username/hill.html]
[fragment.com/css/font-robotoc4ca.css]
[fragment.com/css/bootstrap.mineccb.css]
[fragment.com/css/bootstrap-extrac81e.css]
[fragment.com/css/auctionf4b9.css]
[telegram.org/js/telegram-widgetb6d7.js]
